# JRE version: OpenJDK Runtime Environment (8.0_152-b01) (build 1.8.0_152-release-915-b01)
# Java VM: OpenJDK 64-Bit Server VM (25.152-b01 mixed mode linux-amd64 compressed oops)
Heap:
 PSYoungGen      total 242688K, used 13812K [0x00000000e0000000, 0x00000000efa80000, 0x0000000100000000)
  eden space 228864K, 0% used [0x00000000e0000000,0x00000000e0000000,0x00000000edf80000)
  from space 13824K, 99% used [0x00000000edf80000,0x00000000eecfd120,0x00000000eed00000)
  to   space 13312K, 0% used [0x00000000eed80000,0x00000000eed80000,0x00000000efa80000)
 ParOldGen       total 74752K, used 21635K [0x00000000a0000000, 0x00000000a4900000, 0x00000000e0000000)
  object space 74752K, 28% used [0x00000000a0000000,0x00000000a1520d70,0x00000000a4900000)
 Metaspace       used 45933K, capacity 46822K, committed 47064K, reserved 1089536K
  class space    used 6130K, capacity 6394K, committed 6400K, reserved 1048576K
GC Heap History (10 events):
Event: 3,129 GC heap after
Heap after GC invocations=4 (full 0):
 PSYoungGen      total 132096K, used 5099K [0x00000000e0000000, 0x00000000e8600000, 0x0000000100000000)
  eden space 126976K, 0% used [0x00000000e0000000,0x00000000e0000000,0x00000000e7c00000)
  from space 5120K, 99% used [0x00000000e8100000,0x00000000e85faff0,0x00000000e8600000)
  to   space 5120K, 0% used [0x00000000e7c00000,0x00000000e7c00000,0x00000000e8100000)
 ParOldGen       total 84992K, used 9635K [0x00000000a0000000, 0x00000000a5300000, 0x00000000e0000000)
  object space 84992K, 11% used [0x00000000a0000000,0x00000000a0968c30,0x00000000a5300000)
 Metaspace       used 20740K, capacity 21096K, committed 21248K, reserved 1067008K
  class space    used 2871K, capacity 3018K, committed 3072K, reserved 1048576K
}
Event: 3,129 GC heap before
{Heap before GC invocations=5 (full 1):
 PSYoungGen      total 132096K, used 5099K [0x00000000e0000000, 0x00000000e8600000, 0x0000000100000000)
  eden space 126976K, 0% used [0x00000000e0000000,0x00000000e0000000,0x00000000e7c00000)
  from space 5120K, 99% used [0x00000000e8100000,0x00000000e85faff0,0x00000000e8600000)
  to   space 5120K, 0% used [0x00000000e7c00000,0x00000000e7c00000,0x00000000e8100000)
 ParOldGen       total 84992K, used 9635K [0x00000000a0000000, 0x00000000a5300000, 0x00000000e0000000)
  object space 84992K, 11% used [0x00000000a0000000,0x00000000a0968c30,0x00000000a5300000)
 Metaspace       used 20740K, capacity 21096K, committed 21248K, reserved 1067008K
  class space    used 2871K, capacity 3018K, committed 3072K, reserved 1048576K
Event: 3,172 GC heap after
Heap after GC invocations=5 (full 1):
 PSYoungGen      total 132096K, used 0K [0x00000000e0000000, 0x00000000e8600000, 0x0000000100000000)
  eden space 126976K, 0% used [0x00000000e0000000,0x00000000e0000000,0x00000000e7c00000)
  from space 5120K, 0% used [0x00000000e8100000,0x00000000e8100000,0x00000000e8600000)
  to   space 5120K, 0% used [0x00000000e7c00000,0x00000000e7c00000,0x00000000e8100000)
 ParOldGen       total 52736K, used 8090K [0x00000000a0000000, 0x00000000a3380000, 0x00000000e0000000)
  object space 52736K, 15% used [0x00000000a0000000,0x00000000a07e68a0,0x00000000a3380000)
 Metaspace       used 20740K, capacity 21096K, committed 21248K, reserved 1067008K
  class space    used 2871K, capacity 3018K, committed 3072K, reserved 1048576K
}
Event: 5,592 GC heap before
{Heap before GC invocations=6 (full 1):
 PSYoungGen      total 132096K, used 126976K [0x00000000e0000000, 0x00000000e8600000, 0x0000000100000000)
  eden space 126976K, 100% used [0x00000000e0000000,0x00000000e7c00000,0x00000000e7c00000)
  from space 5120K, 0% used [0x00000000e8100000,0x00000000e8100000,0x00000000e8600000)
  to   space 5120K, 0% used [0x00000000e7c00000,0x00000000e7c00000,0x00000000e8100000)
 ParOldGen       total 52736K, used 8090K [0x00000000a0000000, 0x00000000a3380000, 0x00000000e0000000)
  object space 52736K, 15% used [0x00000000a0000000,0x00000000a07e68a0,0x00000000a3380000)
 Metaspace       used 29716K, capacity 30212K, committed 30464K, reserved 1075200K
  class space    used 4056K, capacity 4233K, committed 4352K, reserved 1048576K
Event: 5,635 GC heap after
Heap after GC invocations=6 (full 1):
 PSYoungGen      total 132096K, used 5088K [0x00000000e0000000, 0x00000000efb00000, 0x0000000100000000)
  eden space 126976K, 0% used [0x00000000e0000000,0x00000000e0000000,0x00000000e7c00000)
  from space 5120K, 99% used [0x00000000e7c00000,0x00000000e80f8040,0x00000000e8100000)
  to   space 13824K, 0% used [0x00000000eed80000,0x00000000eed80000,0x00000000efb00000)
 ParOldGen       total 52736K, used 13909K [0x00000000a0000000, 0x00000000a3380000, 0x00000000e0000000)
  object space 52736K, 26% used [0x00000000a0000000,0x00000000a0d95618,0x00000000a3380000)
 Metaspace       used 29716K, capacity 30212K, committed 30464K, reserved 1075200K
  class space    used 4056K, capacity 4233K, committed 4352K, reserved 1048576K
}
Event: 7,137 GC heap before
{Heap before GC invocations=7 (full 1):
 PSYoungGen      total 132096K, used 58584K [0x00000000e0000000, 0x00000000efb00000, 0x0000000100000000)
  eden space 126976K, 42% used [0x00000000e0000000,0x00000000e343e1e8,0x00000000e7c00000)
  from space 5120K, 99% used [0x00000000e7c00000,0x00000000e80f8040,0x00000000e8100000)
  to   space 13824K, 0% used [0x00000000eed80000,0x00000000eed80000,0x00000000efb00000)
 ParOldGen       total 52736K, used 13909K [0x00000000a0000000, 0x00000000a3380000, 0x00000000e0000000)
  object space 52736K, 26% used [0x00000000a0000000,0x00000000a0d95618,0x00000000a3380000)
 Metaspace       used 34658K, capacity 35154K, committed 35416K, reserved 1079296K
  class space    used 4712K, capacity 4909K, committed 4992K, reserved 1048576K
Event: 7,216 GC heap after
Heap after GC invocations=7 (full 1):
 PSYoungGen      total 242176K, used 9901K [0x00000000e0000000, 0x00000000efa80000, 0x0000000100000000)
  eden space 228864K, 0% used [0x00000000e0000000,0x00000000e0000000,0x00000000edf80000)
  from space 13312K, 74% used [0x00000000eed80000,0x00000000ef72b5a8,0x00000000efa80000)
  to   space 13824K, 0% used [0x00000000edf80000,0x00000000edf80000,0x00000000eed00000)
 ParOldGen       total 52736K, used 13917K [0x00000000a0000000, 0x00000000a3380000, 0x00000000e0000000)
  object space 52736K, 26% used [0x00000000a0000000,0x00000000a0d97618,0x00000000a3380000)
 Metaspace       used 34658K, capacity 35154K, committed 35416K, reserved 1079296K
  class space    used 4712K, capacity 4909K, committed 4992K, reserved 1048576K
}
Event: 7,217 GC heap before
{Heap before GC invocations=8 (full 2):
 PSYoungGen      total 242176K, used 9901K [0x00000000e0000000, 0x00000000efa80000, 0x0000000100000000)
  eden space 228864K, 0% used [0x00000000e0000000,0x00000000e0000000,0x00000000edf80000)
  from space 13312K, 74% used [0x00000000eed80000,0x00000000ef72b5a8,0x00000000efa80000)
  to   space 13824K, 0% used [0x00000000edf80000,0x00000000edf80000,0x00000000eed00000)
 ParOldGen       total 52736K, used 13917K [0x00000000a0000000, 0x00000000a3380000, 0x00000000e0000000)
  object space 52736K, 26% used [0x00000000a0000000,0x00000000a0d97618,0x00000000a3380000)
 Metaspace       used 34658K, capacity 35154K, committed 35416K, reserved 1079296K
  class space    used 4712K, capacity 4909K, committed 4992K, reserved 1048576K
Event: 7,376 GC heap after
Heap after GC invocations=8 (full 2):
 PSYoungGen      total 242176K, used 0K [0x00000000e0000000, 0x00000000efa80000, 0x0000000100000000)
  eden space 228864K, 0% used [0x00000000e0000000,0x00000000e0000000,0x00000000edf80000)
  from space 13312K, 0% used [0x00000000eed80000,0x00000000eed80000,0x00000000efa80000)
  to   space 13824K, 0% used [0x00000000edf80000,0x00000000edf80000,0x00000000eed00000)
 ParOldGen       total 74752K, used 16786K [0x00000000a0000000, 0x00000000a4900000, 0x00000000e0000000)
  object space 74752K, 22% used [0x00000000a0000000,0x00000000a1064ac8,0x00000000a4900000)
 Metaspace       used 34658K, capacity 35154K, committed 35416K, reserved 1079296K
  class space    used 4712K, capacity 4909K, committed 4992K, reserved 1048576K
}
Event: 10,943 GC heap before
{Heap before GC invocations=9 (full 2):
 PSYoungGen      total 242176K, used 228864K [0x00000000e0000000, 0x00000000efa80000, 0x0000000100000000)
  eden space 228864K, 100% used [0x00000000e0000000,0x00000000edf80000,0x00000000edf80000)
  from space 13312K, 0% used [0x00000000eed80000,0x00000000eed80000,0x00000000efa80000)
  to   space 13824K, 0% used [0x00000000edf80000,0x00000000edf80000,0x00000000eed00000)
 ParOldGen       total 74752K, used 16786K [0x00000000a0000000, 0x00000000a4900000, 0x00000000e0000000)
  object space 74752K, 22% used [0x00000000a0000000,0x00000000a1064ac8,0x00000000a4900000)
 Metaspace       used 45933K, capacity 46822K, committed 47064K, reserved 1089536K
  class space    used 6130K, capacity 6394K, committed 6400K, reserved 1048576K

