# JRE version: OpenJDK Runtime Environment (8.0_152-b01) (build 1.8.0_152-release-915-b01)
# Java VM: OpenJDK 64-Bit Server VM (25.152-b01 mixed mode linux-amd64 compressed oops)
Heap:
 PSYoungGen      total 250880K, used 14831K [0x00000000e0000000, 0x00000000f0480000, 0x0000000100000000)
  eden space 236032K, 0% used [0x00000000e0000000,0x00000000e0000000,0x00000000ee680000)
  from space 14848K, 99% used [0x00000000ee680000,0x00000000ef4fbe10,0x00000000ef500000)
  to   space 14336K, 0% used [0x00000000ef500000,0x00000000ef500000,0x00000000f0300000)
 ParOldGen       total 70656K, used 22146K [0x00000000a0000000, 0x00000000a4500000, 0x00000000e0000000)
  object space 70656K, 31% used [0x00000000a0000000,0x00000000a15a0a48,0x00000000a4500000)
 Metaspace       used 46144K, capacity 47164K, committed 47448K, reserved 1089536K
  class space    used 6162K, capacity 6477K, committed 6528K, reserved 1048576K
GC Heap History (10 events):
Event: 3,810 GC heap after
Heap after GC invocations=4 (full 0):
 PSYoungGen      total 132096K, used 5088K [0x00000000e0000000, 0x00000000e8600000, 0x0000000100000000)
  eden space 126976K, 0% used [0x00000000e0000000,0x00000000e0000000,0x00000000e7c00000)
  from space 5120K, 99% used [0x00000000e8100000,0x00000000e85f8010,0x00000000e8600000)
  to   space 5120K, 0% used [0x00000000e7c00000,0x00000000e7c00000,0x00000000e8100000)
 ParOldGen       total 84992K, used 8362K [0x00000000a0000000, 0x00000000a5300000, 0x00000000e0000000)
  object space 84992K, 9% used [0x00000000a0000000,0x00000000a082ab30,0x00000000a5300000)
 Metaspace       used 20679K, capacity 21128K, committed 21248K, reserved 1067008K
  class space    used 2873K, capacity 3037K, committed 3072K, reserved 1048576K
}
Event: 3,810 GC heap before
{Heap before GC invocations=5 (full 1):
 PSYoungGen      total 132096K, used 5088K [0x00000000e0000000, 0x00000000e8600000, 0x0000000100000000)
  eden space 126976K, 0% used [0x00000000e0000000,0x00000000e0000000,0x00000000e7c00000)
  from space 5120K, 99% used [0x00000000e8100000,0x00000000e85f8010,0x00000000e8600000)
  to   space 5120K, 0% used [0x00000000e7c00000,0x00000000e7c00000,0x00000000e8100000)
 ParOldGen       total 84992K, used 8362K [0x00000000a0000000, 0x00000000a5300000, 0x00000000e0000000)
  object space 84992K, 9% used [0x00000000a0000000,0x00000000a082ab30,0x00000000a5300000)
 Metaspace       used 20679K, capacity 21128K, committed 21248K, reserved 1067008K
  class space    used 2873K, capacity 3037K, committed 3072K, reserved 1048576K
Event: 3,850 GC heap after
Heap after GC invocations=5 (full 1):
 PSYoungGen      total 132096K, used 0K [0x00000000e0000000, 0x00000000e8600000, 0x0000000100000000)
  eden space 126976K, 0% used [0x00000000e0000000,0x00000000e0000000,0x00000000e7c00000)
  from space 5120K, 0% used [0x00000000e8100000,0x00000000e8100000,0x00000000e8600000)
  to   space 5120K, 0% used [0x00000000e7c00000,0x00000000e7c00000,0x00000000e8100000)
 ParOldGen       total 49664K, used 6581K [0x00000000a0000000, 0x00000000a3080000, 0x00000000e0000000)
  object space 49664K, 13% used [0x00000000a0000000,0x00000000a066d6a8,0x00000000a3080000)
 Metaspace       used 20679K, capacity 21128K, committed 21248K, reserved 1067008K
  class space    used 2873K, capacity 3037K, committed 3072K, reserved 1048576K
}
Event: 6,232 GC heap before
{Heap before GC invocations=6 (full 1):
 PSYoungGen      total 132096K, used 126976K [0x00000000e0000000, 0x00000000e8600000, 0x0000000100000000)
  eden space 126976K, 100% used [0x00000000e0000000,0x00000000e7c00000,0x00000000e7c00000)
  from space 5120K, 0% used [0x00000000e8100000,0x00000000e8100000,0x00000000e8600000)
  to   space 5120K, 0% used [0x00000000e7c00000,0x00000000e7c00000,0x00000000e8100000)
 ParOldGen       total 49664K, used 6581K [0x00000000a0000000, 0x00000000a3080000, 0x00000000e0000000)
  object space 49664K, 13% used [0x00000000a0000000,0x00000000a066d6a8,0x00000000a3080000)
 Metaspace       used 29913K, capacity 30506K, committed 30720K, reserved 1075200K
  class space    used 4098K, capacity 4318K, committed 4352K, reserved 1048576K
Event: 6,296 GC heap after
Heap after GC invocations=6 (full 1):
 PSYoungGen      total 132096K, used 5088K [0x00000000e0000000, 0x00000000f0300000, 0x0000000100000000)
  eden space 126976K, 0% used [0x00000000e0000000,0x00000000e0000000,0x00000000e7c00000)
  from space 5120K, 99% used [0x00000000e7c00000,0x00000000e80f8030,0x00000000e8100000)
  to   space 14336K, 0% used [0x00000000ef500000,0x00000000ef500000,0x00000000f0300000)
 ParOldGen       total 49664K, used 12684K [0x00000000a0000000, 0x00000000a3080000, 0x00000000e0000000)
  object space 49664K, 25% used [0x00000000a0000000,0x00000000a0c63310,0x00000000a3080000)
 Metaspace       used 29913K, capacity 30506K, committed 30720K, reserved 1075200K
  class space    used 4098K, capacity 4318K, committed 4352K, reserved 1048576K
}
Event: 7,896 GC heap before
{Heap before GC invocations=7 (full 1):
 PSYoungGen      total 132096K, used 65820K [0x00000000e0000000, 0x00000000f0300000, 0x0000000100000000)
  eden space 126976K, 47% used [0x00000000e0000000,0x00000000e3b4f2a8,0x00000000e7c00000)
  from space 5120K, 99% used [0x00000000e7c00000,0x00000000e80f8030,0x00000000e8100000)
  to   space 14336K, 0% used [0x00000000ef500000,0x00000000ef500000,0x00000000f0300000)
 ParOldGen       total 49664K, used 12684K [0x00000000a0000000, 0x00000000a3080000, 0x00000000e0000000)
  object space 49664K, 25% used [0x00000000a0000000,0x00000000a0c63310,0x00000000a3080000)
 Metaspace       used 34612K, capacity 35288K, committed 35416K, reserved 1079296K
  class space    used 4710K, capacity 4962K, committed 4992K, reserved 1048576K
Event: 8,011 GC heap after
Heap after GC invocations=7 (full 1):
 PSYoungGen      total 250368K, used 9948K [0x00000000e0000000, 0x00000000f0480000, 0x0000000100000000)
  eden space 236032K, 0% used [0x00000000e0000000,0x00000000e0000000,0x00000000ee680000)
  from space 14336K, 69% used [0x00000000ef500000,0x00000000efeb7228,0x00000000f0300000)
  to   space 14848K, 0% used [0x00000000ee680000,0x00000000ee680000,0x00000000ef500000)
 ParOldGen       total 49664K, used 12756K [0x00000000a0000000, 0x00000000a3080000, 0x00000000e0000000)
  object space 49664K, 25% used [0x00000000a0000000,0x00000000a0c75320,0x00000000a3080000)
 Metaspace       used 34612K, capacity 35288K, committed 35416K, reserved 1079296K
  class space    used 4710K, capacity 4962K, committed 4992K, reserved 1048576K
}
Event: 8,011 GC heap before
{Heap before GC invocations=8 (full 2):
 PSYoungGen      total 250368K, used 9948K [0x00000000e0000000, 0x00000000f0480000, 0x0000000100000000)
  eden space 236032K, 0% used [0x00000000e0000000,0x00000000e0000000,0x00000000ee680000)
  from space 14336K, 69% used [0x00000000ef500000,0x00000000efeb7228,0x00000000f0300000)
  to   space 14848K, 0% used [0x00000000ee680000,0x00000000ee680000,0x00000000ef500000)
 ParOldGen       total 49664K, used 12756K [0x00000000a0000000, 0x00000000a3080000, 0x00000000e0000000)
  object space 49664K, 25% used [0x00000000a0000000,0x00000000a0c75320,0x00000000a3080000)
 Metaspace       used 34612K, capacity 35288K, committed 35416K, reserved 1079296K
  class space    used 4710K, capacity 4962K, committed 4992K, reserved 1048576K
Event: 8,118 GC heap after
Heap after GC invocations=8 (full 2):
 PSYoungGen      total 250368K, used 0K [0x00000000e0000000, 0x00000000f0480000, 0x0000000100000000)
  eden space 236032K, 0% used [0x00000000e0000000,0x00000000e0000000,0x00000000ee680000)
  from space 14336K, 0% used [0x00000000ef500000,0x00000000ef500000,0x00000000f0300000)
  to   space 14848K, 0% used [0x00000000ee680000,0x00000000ee680000,0x00000000ef500000)
 ParOldGen       total 70656K, used 18333K [0x00000000a0000000, 0x00000000a4500000, 0x00000000e0000000)
  object space 70656K, 25% used [0x00000000a0000000,0x00000000a11e76f0,0x00000000a4500000)
 Metaspace       used 34612K, capacity 35288K, committed 35416K, reserved 1079296K
  class space    used 4710K, capacity 4962K, committed 4992K, reserved 1048576K
}
Event: 11,359 GC heap before
{Heap before GC invocations=9 (full 2):
 PSYoungGen      total 250368K, used 236032K [0x00000000e0000000, 0x00000000f0480000, 0x0000000100000000)
  eden space 236032K, 100% used [0x00000000e0000000,0x00000000ee680000,0x00000000ee680000)
  from space 14336K, 0% used [0x00000000ef500000,0x00000000ef500000,0x00000000f0300000)
  to   space 14848K, 0% used [0x00000000ee680000,0x00000000ee680000,0x00000000ef500000)
 ParOldGen       total 70656K, used 18333K [0x00000000a0000000, 0x00000000a4500000, 0x00000000e0000000)
  object space 70656K, 25% used [0x00000000a0000000,0x00000000a11e76f0,0x00000000a4500000)
 Metaspace       used 46144K, capacity 47164K, committed 47448K, reserved 1089536K
  class space    used 6162K, capacity 6477K, committed 6528K, reserved 1048576K

